<?xml version="1.0" encoding="UTF-8"?>
<testsuite xmlns:xsi="http://www.w3.org/2001/XMLSchema-instance" xsi:noNamespaceSchemaLocation="https://maven.apache.org/surefire/maven-surefire-plugin/xsd/surefire-test-report.xsd" version="3.0.1" name="testavimas.nd_3.ShopTest" time="29.206" tests="3" errors="0" skipped="0" failures="0">
  <properties>
[...]
</properties>
  <testcase name="registerUser" classname="testavimas.nd_3.ShopTest" time="6.097">
    <system-out><![CDATA[testuser1741789408225@example.com
Password123
]]></system-out>
    <system-err><![CDATA[SLF4J(W): No SLF4J providers were found.
SLF4J(W): Defaulting to no-operation (NOP) logger implementation
SLF4J(W): See https://www.slf4j.org/codes.html#noProviders for further details.
kov. 12, 2025 4:23:25 POPIET org.openqa.selenium.devtools.CdpVersionFinder findNearestMatch
WARNING: Unable to find an exact match for CDP version 134, returning the closest version; found: 132; Please update to a Selenium version that supports CDP version 134
]]></system-err>
  </testcase>
  <testcase name="test1" classname="testavimas.nd_3.ShopTest" time="11.289">
    <system-out><![CDATA[testuser1741789408225@example.com
Password123
Adding product to cart: 3rd Album
Adding product to cart: 3rd Album
Payment method pressed
Payment info pressed
Confirm pressed
]]></system-out>
    <system-err><![CDATA[kov. 12, 2025 4:23:30 POPIET org.openqa.selenium.devtools.CdpVersionFinder findNearestMatch
WARNING: Unable to find an exact match for CDP version 134, returning the closest version; found: 132; Please update to a Selenium version that supports CDP version 134
]]></system-err>
  </testcase>
  <testcase name="test2" classname="testavimas.nd_3.ShopTest" time="11.8">
    <system-out><![CDATA[testuser1741789408225@example.com
Password123
Adding product to cart: 3rd Album
Adding product to cart: Music 2
Adding product to cart: 3rd Album
Payment method pressed
Payment info pressed
Confirm pressed
]]></system-out>
    <system-err><![CDATA[kov. 12, 2025 4:23:41 POPIET org.openqa.selenium.devtools.CdpVersionFinder findNearestMatch
WARNING: Unable to find an exact match for CDP version 134, returning the closest version; found: 132; Please update to a Selenium version that supports CDP version 134
]]></system-err>
  </testcase>
</testsuite>